<?xml version="1.0" encoding="UTF-8"?>
<!-- Generated by org.testng.reporters.JUnitReportReporter -->
<testsuite skipped="0" hostname="DESKTOP-QLKFNLE" name="com.curio.tests.VeterinariansPageTests" tests="2" failures="0" timestamp="2020-08-10T17:38:00 GST" time="13.154" errors="0">
  <testcase name="validateVenName" time="2.653" classname="com.curio.tests.VeterinariansPageTests"/>
  <system-out/>
  <testcase name="validateVenSepcl" time="10.501" classname="com.curio.tests.VeterinariansPageTests"/>
  <system-out/>
</testsuite> <!-- com.curio.tests.VeterinariansPageTests -->
