<?xml version="1.0" encoding="UTF-8"?>
<!-- Generated by org.testng.reporters.JUnitReportReporter -->
<testsuite skipped="0" hostname="DESKTOP-QLKFNLE" name="com.curio.tests.FindOwnerPageTests" tests="3" failures="0" timestamp="2020-08-10T17:38:00 GST" time="47.829" errors="0">
  <testcase name="validateSearchFunctionality" time="3.823" classname="com.curio.tests.FindOwnerPageTests"/>
  <system-out/>
  <testcase name="validateAddPetFuctionality" time="42.334" classname="com.curio.tests.FindOwnerPageTests"/>
  <system-out/>
  <testcase name="validateownerAddedEditBtnDisplayed" time="1.672" classname="com.curio.tests.FindOwnerPageTests"/>
  <system-out/>
</testsuite> <!-- com.curio.tests.FindOwnerPageTests -->
