<?xml version="1.0" encoding="UTF-8"?>
<!-- Generated by org.testng.reporters.JUnitReportReporter -->
<testsuite skipped="0" hostname="DESKTOP-QLKFNLE" name="com.curio.tests.HomePageTests" tests="1" failures="0" timestamp="2020-08-10T17:38:00 GST" time="2.770" errors="0">
  <testcase name="validateImgPresent" time="2.770" classname="com.curio.tests.HomePageTests"/>
  <system-out/>
</testsuite> <!-- com.curio.tests.HomePageTests -->
